mode: set
github.com/benhutchings1/kickplate/api/v1alpha1/edag_types.go:57.13,59.2 1 0
github.com/benhutchings1/kickplate/api/v1alpha1/edagrun_types.go:53.13,55.2 1 0
github.com/benhutchings1/kickplate/api/v1alpha1/zz_generated.deepcopy.go:29.41,34.2 4 0
github.com/benhutchings1/kickplate/api/v1alpha1/zz_generated.deepcopy.go:37.34,38.15 1 0
github.com/benhutchings1/kickplate/api/v1alpha1/zz_generated.deepcopy.go:38.15,40.3 1 0
github.com/benhutchings1/kickplate/api/v1alpha1/zz_generated.deepcopy.go:41.2,43.12 3 0
github.com/benhutchings1/kickplate/api/v1alpha1/zz_generated.deepcopy.go:47.49,48.34 1 0
github.com/benhutchings1/kickplate/api/v1alpha1/zz_generated.deepcopy.go:48.34,50.3 1 0
github.com/benhutchings1/kickplate/api/v1alpha1/zz_generated.deepcopy.go:51.2,51.12 1 0
github.com/benhutchings1/kickplate/api/v1alpha1/zz_generated.deepcopy.go:55.49,59.21 4 0
github.com/benhutchings1/kickplate/api/v1alpha1/zz_generated.deepcopy.go:59.21,62.22 3 0
github.com/benhutchings1/kickplate/api/v1alpha1/zz_generated.deepcopy.go:62.22,64.4 1 0
github.com/benhutchings1/kickplate/api/v1alpha1/zz_generated.deepcopy.go:69.42,70.15 1 0
github.com/benhutchings1/kickplate/api/v1alpha1/zz_generated.deepcopy.go:70.15,72.3 1 0
github.com/benhutchings1/kickplate/api/v1alpha1/zz_generated.deepcopy.go:73.2,75.12 3 0
github.com/benhutchings1/kickplate/api/v1alpha1/zz_generated.deepcopy.go:79.53,80.34 1 0
github.com/benhutchings1/kickplate/api/v1alpha1/zz_generated.deepcopy.go:80.34,82.3 1 0
github.com/benhutchings1/kickplate/api/v1alpha1/zz_generated.deepcopy.go:83.2,83.12 1 0
github.com/benhutchings1/kickplate/api/v1alpha1/zz_generated.deepcopy.go:87.47,93.2 5 0
github.com/benhutchings1/kickplate/api/v1alpha1/zz_generated.deepcopy.go:96.40,97.15 1 0
github.com/benhutchings1/kickplate/api/v1alpha1/zz_generated.deepcopy.go:97.15,99.3 1 0
github.com/benhutchings1/kickplate/api/v1alpha1/zz_generated.deepcopy.go:100.2,102.12 3 0
github.com/benhutchings1/kickplate/api/v1alpha1/zz_generated.deepcopy.go:106.52,107.34 1 0
github.com/benhutchings1/kickplate/api/v1alpha1/zz_generated.deepcopy.go:107.34,109.3 1 0
github.com/benhutchings1/kickplate/api/v1alpha1/zz_generated.deepcopy.go:110.2,110.12 1 0
github.com/benhutchings1/kickplate/api/v1alpha1/zz_generated.deepcopy.go:114.55,118.21 4 0
github.com/benhutchings1/kickplate/api/v1alpha1/zz_generated.deepcopy.go:118.21,121.22 3 0
github.com/benhutchings1/kickplate/api/v1alpha1/zz_generated.deepcopy.go:121.22,123.4 1 0
github.com/benhutchings1/kickplate/api/v1alpha1/zz_generated.deepcopy.go:128.48,129.15 1 0
github.com/benhutchings1/kickplate/api/v1alpha1/zz_generated.deepcopy.go:129.15,131.3 1 0
github.com/benhutchings1/kickplate/api/v1alpha1/zz_generated.deepcopy.go:132.2,134.12 3 0
github.com/benhutchings1/kickplate/api/v1alpha1/zz_generated.deepcopy.go:138.56,139.34 1 0
github.com/benhutchings1/kickplate/api/v1alpha1/zz_generated.deepcopy.go:139.34,141.3 1 0
github.com/benhutchings1/kickplate/api/v1alpha1/zz_generated.deepcopy.go:142.2,142.12 1 0
github.com/benhutchings1/kickplate/api/v1alpha1/zz_generated.deepcopy.go:146.55,148.2 1 0
github.com/benhutchings1/kickplate/api/v1alpha1/zz_generated.deepcopy.go:151.48,152.15 1 0
github.com/benhutchings1/kickplate/api/v1alpha1/zz_generated.deepcopy.go:152.15,154.3 1 0
github.com/benhutchings1/kickplate/api/v1alpha1/zz_generated.deepcopy.go:155.2,157.12 3 0
github.com/benhutchings1/kickplate/api/v1alpha1/zz_generated.deepcopy.go:161.59,163.26 2 0
github.com/benhutchings1/kickplate/api/v1alpha1/zz_generated.deepcopy.go:163.26,166.22 3 0
github.com/benhutchings1/kickplate/api/v1alpha1/zz_generated.deepcopy.go:166.22,168.4 1 0
github.com/benhutchings1/kickplate/api/v1alpha1/zz_generated.deepcopy.go:170.2,170.20 1 0
github.com/benhutchings1/kickplate/api/v1alpha1/zz_generated.deepcopy.go:170.20,173.29 3 0
github.com/benhutchings1/kickplate/api/v1alpha1/zz_generated.deepcopy.go:173.29,175.4 1 0
github.com/benhutchings1/kickplate/api/v1alpha1/zz_generated.deepcopy.go:180.52,181.15 1 0
github.com/benhutchings1/kickplate/api/v1alpha1/zz_generated.deepcopy.go:181.15,183.3 1 0
github.com/benhutchings1/kickplate/api/v1alpha1/zz_generated.deepcopy.go:184.2,186.12 3 0
github.com/benhutchings1/kickplate/api/v1alpha1/zz_generated.deepcopy.go:190.49,192.21 2 0
github.com/benhutchings1/kickplate/api/v1alpha1/zz_generated.deepcopy.go:192.21,195.29 3 0
github.com/benhutchings1/kickplate/api/v1alpha1/zz_generated.deepcopy.go:195.29,197.4 1 0
github.com/benhutchings1/kickplate/api/v1alpha1/zz_generated.deepcopy.go:202.42,203.15 1 0
github.com/benhutchings1/kickplate/api/v1alpha1/zz_generated.deepcopy.go:203.15,205.3 1 0
github.com/benhutchings1/kickplate/api/v1alpha1/zz_generated.deepcopy.go:206.2,208.12 3 0
github.com/benhutchings1/kickplate/api/v1alpha1/zz_generated.deepcopy.go:212.49,214.28 2 0
github.com/benhutchings1/kickplate/api/v1alpha1/zz_generated.deepcopy.go:214.28,218.3 3 0
github.com/benhutchings1/kickplate/api/v1alpha1/zz_generated.deepcopy.go:219.2,219.20 1 0
github.com/benhutchings1/kickplate/api/v1alpha1/zz_generated.deepcopy.go:219.20,222.29 3 0
github.com/benhutchings1/kickplate/api/v1alpha1/zz_generated.deepcopy.go:222.29,224.4 1 0
github.com/benhutchings1/kickplate/api/v1alpha1/zz_generated.deepcopy.go:226.2,226.20 1 0
github.com/benhutchings1/kickplate/api/v1alpha1/zz_generated.deepcopy.go:226.20,230.3 3 0
github.com/benhutchings1/kickplate/api/v1alpha1/zz_generated.deepcopy.go:231.2,231.23 1 0
github.com/benhutchings1/kickplate/api/v1alpha1/zz_generated.deepcopy.go:231.23,235.3 3 0
github.com/benhutchings1/kickplate/api/v1alpha1/zz_generated.deepcopy.go:239.42,240.15 1 0
github.com/benhutchings1/kickplate/api/v1alpha1/zz_generated.deepcopy.go:240.15,242.3 1 0
github.com/benhutchings1/kickplate/api/v1alpha1/zz_generated.deepcopy.go:243.2,245.12 3 0
github.com/benhutchings1/kickplate/graphvalidate/graph_validate.go:8.53,9.51 1 1
github.com/benhutchings1/kickplate/graphvalidate/graph_validate.go:9.51,11.3 1 1
github.com/benhutchings1/kickplate/graphvalidate/graph_validate.go:13.2,14.69 2 1
github.com/benhutchings1/kickplate/graphvalidate/graph_validate.go:14.69,16.3 1 1
github.com/benhutchings1/kickplate/graphvalidate/graph_validate.go:18.2,18.12 1 1
github.com/benhutchings1/kickplate/graphvalidate/graph_validate.go:21.59,22.27 1 1
github.com/benhutchings1/kickplate/graphvalidate/graph_validate.go:22.27,23.47 1 1
github.com/benhutchings1/kickplate/graphvalidate/graph_validate.go:23.47,24.52 1 1
github.com/benhutchings1/kickplate/graphvalidate/graph_validate.go:24.52,26.5 1 1
github.com/benhutchings1/kickplate/graphvalidate/graph_validate.go:29.2,29.12 1 1
github.com/benhutchings1/kickplate/graphvalidate/graph_validate.go:35.9,38.6 2 1
github.com/benhutchings1/kickplate/graphvalidate/graph_validate.go:38.6,40.61 1 1
github.com/benhutchings1/kickplate/graphvalidate/graph_validate.go:40.61,44.18 1 1
github.com/benhutchings1/kickplate/graphvalidate/graph_validate.go:44.18,46.5 1 1
github.com/benhutchings1/kickplate/graphvalidate/graph_validate.go:46.10,48.40 1 1
github.com/benhutchings1/kickplate/graphvalidate/graph_validate.go:48.40,50.6 1 1
github.com/benhutchings1/kickplate/graphvalidate/graph_validate.go:52.9,55.4 1 1
github.com/benhutchings1/kickplate/graphvalidate/graph_validate.go:61.21,66.6 3 1
github.com/benhutchings1/kickplate/graphvalidate/graph_validate.go:66.6,67.36 1 1
github.com/benhutchings1/kickplate/graphvalidate/graph_validate.go:67.36,69.4 1 1
github.com/benhutchings1/kickplate/graphvalidate/graph_validate.go:70.3,73.17 1 1
github.com/benhutchings1/kickplate/graphvalidate/graph_validate.go:73.17,75.4 1 1
github.com/benhutchings1/kickplate/graphvalidate/graph_validate.go:75.9,77.4 1 1
github.com/benhutchings1/kickplate/graphvalidate/graph_validate.go:81.65,84.27 2 1
github.com/benhutchings1/kickplate/graphvalidate/graph_validate.go:84.27,86.3 1 1
github.com/benhutchings1/kickplate/graphvalidate/graph_validate.go:87.2,87.17 1 1
github.com/benhutchings1/kickplate/graphvalidate/graph_validate.go:94.21,95.47 1 1
github.com/benhutchings1/kickplate/graphvalidate/graph_validate.go:95.47,96.32 1 1
github.com/benhutchings1/kickplate/graphvalidate/graph_validate.go:96.32,98.4 1 1
github.com/benhutchings1/kickplate/graphvalidate/graph_validate.go:101.2,102.28 2 1
github.com/benhutchings1/kickplate/graphvalidate/graph_validate.go:105.54,106.40 1 1
github.com/benhutchings1/kickplate/graphvalidate/graph_validate.go:106.40,107.17 1 1
github.com/benhutchings1/kickplate/graphvalidate/graph_validate.go:107.17,109.4 1 1
github.com/benhutchings1/kickplate/graphvalidate/graph_validate.go:111.2,111.11 1 1
github.com/benhutchings1/kickplate/graphvalidate/graph_validate.go:114.52,116.40 2 1
github.com/benhutchings1/kickplate/graphvalidate/graph_validate.go:116.40,118.16 1 1
github.com/benhutchings1/kickplate/graphvalidate/graph_validate.go:118.16,120.4 1 1
github.com/benhutchings1/kickplate/graphvalidate/graph_validate.go:122.2,122.19 1 1
github.com/benhutchings1/kickplate/graphvalidate/stack.go:8.24,13.2 4 1
github.com/benhutchings1/kickplate/graphvalidate/stack.go:15.42,18.2 2 1
github.com/benhutchings1/kickplate/graphvalidate/stack.go:20.35,23.2 2 1
github.com/benhutchings1/kickplate/graphvalidate/stack.go:25.30,31.2 5 1
github.com/benhutchings1/kickplate/cmd/main.go:47.13,52.2 2 0
github.com/benhutchings1/kickplate/cmd/main.go:54.13,93.38 15 0
github.com/benhutchings1/kickplate/cmd/main.go:93.38,96.3 2 0
github.com/benhutchings1/kickplate/cmd/main.go:98.2,99.18 2 0
github.com/benhutchings1/kickplate/cmd/main.go:99.18,101.3 1 0
github.com/benhutchings1/kickplate/cmd/main.go:103.2,130.16 3 0
github.com/benhutchings1/kickplate/cmd/main.go:130.16,133.3 2 0
github.com/benhutchings1/kickplate/cmd/main.go:135.2,138.39 1 0
github.com/benhutchings1/kickplate/cmd/main.go:138.39,141.3 2 0
github.com/benhutchings1/kickplate/cmd/main.go:144.2,144.69 1 0
github.com/benhutchings1/kickplate/cmd/main.go:144.69,147.3 2 0
github.com/benhutchings1/kickplate/cmd/main.go:148.2,148.67 1 0
github.com/benhutchings1/kickplate/cmd/main.go:148.67,151.3 2 0
github.com/benhutchings1/kickplate/cmd/main.go:153.2,154.61 2 0
github.com/benhutchings1/kickplate/cmd/main.go:154.61,157.3 2 0
github.com/benhutchings1/kickplate/builders/job.go:24.54,66.2 1 1
github.com/benhutchings1/kickplate/test/utils/utils.go:37.27,39.2 1 0
github.com/benhutchings1/kickplate/test/utils/utils.go:42.40,47.2 4 0
github.com/benhutchings1/kickplate/test/utils/utils.go:50.41,54.42 3 0
github.com/benhutchings1/kickplate/test/utils/utils.go:54.42,56.3 1 0
github.com/benhutchings1/kickplate/test/utils/utils.go:58.2,62.16 5 0
github.com/benhutchings1/kickplate/test/utils/utils.go:62.16,64.3 1 0
github.com/benhutchings1/kickplate/test/utils/utils.go:66.2,66.20 1 0
github.com/benhutchings1/kickplate/test/utils/utils.go:70.36,73.36 3 0
github.com/benhutchings1/kickplate/test/utils/utils.go:73.36,75.3 1 0
github.com/benhutchings1/kickplate/test/utils/utils.go:79.29,82.36 3 0
github.com/benhutchings1/kickplate/test/utils/utils.go:82.36,84.3 1 0
github.com/benhutchings1/kickplate/test/utils/utils.go:88.33,91.36 3 0
github.com/benhutchings1/kickplate/test/utils/utils.go:91.36,93.3 1 0
github.com/benhutchings1/kickplate/test/utils/utils.go:96.2,103.12 3 0
github.com/benhutchings1/kickplate/test/utils/utils.go:107.56,109.47 2 0
github.com/benhutchings1/kickplate/test/utils/utils.go:109.47,111.3 1 0
github.com/benhutchings1/kickplate/test/utils/utils.go:112.2,115.12 4 0
github.com/benhutchings1/kickplate/test/utils/utils.go:120.47,123.35 3 0
github.com/benhutchings1/kickplate/test/utils/utils.go:123.35,124.20 1 0
github.com/benhutchings1/kickplate/test/utils/utils.go:124.20,126.4 1 0
github.com/benhutchings1/kickplate/test/utils/utils.go:129.2,129.12 1 0
github.com/benhutchings1/kickplate/test/utils/utils.go:133.38,135.16 2 0
github.com/benhutchings1/kickplate/test/utils/utils.go:135.16,137.3 1 0
github.com/benhutchings1/kickplate/test/utils/utils.go:138.2,139.16 2 0
github.com/benhutchings1/kickplate/api/v1alpha1/edag_types.go:57.13,59.2 1 1
github.com/benhutchings1/kickplate/api/v1alpha1/edagrun_types.go:53.13,55.2 1 1
github.com/benhutchings1/kickplate/api/v1alpha1/zz_generated.deepcopy.go:29.41,34.2 4 0
github.com/benhutchings1/kickplate/api/v1alpha1/zz_generated.deepcopy.go:37.34,38.15 1 0
github.com/benhutchings1/kickplate/api/v1alpha1/zz_generated.deepcopy.go:38.15,40.3 1 0
github.com/benhutchings1/kickplate/api/v1alpha1/zz_generated.deepcopy.go:41.2,43.12 3 0
github.com/benhutchings1/kickplate/api/v1alpha1/zz_generated.deepcopy.go:47.49,48.34 1 0
github.com/benhutchings1/kickplate/api/v1alpha1/zz_generated.deepcopy.go:48.34,50.3 1 0
github.com/benhutchings1/kickplate/api/v1alpha1/zz_generated.deepcopy.go:51.2,51.12 1 0
github.com/benhutchings1/kickplate/api/v1alpha1/zz_generated.deepcopy.go:55.49,59.21 4 0
github.com/benhutchings1/kickplate/api/v1alpha1/zz_generated.deepcopy.go:59.21,62.22 3 0
github.com/benhutchings1/kickplate/api/v1alpha1/zz_generated.deepcopy.go:62.22,64.4 1 0
github.com/benhutchings1/kickplate/api/v1alpha1/zz_generated.deepcopy.go:69.42,70.15 1 0
github.com/benhutchings1/kickplate/api/v1alpha1/zz_generated.deepcopy.go:70.15,72.3 1 0
github.com/benhutchings1/kickplate/api/v1alpha1/zz_generated.deepcopy.go:73.2,75.12 3 0
github.com/benhutchings1/kickplate/api/v1alpha1/zz_generated.deepcopy.go:79.53,80.34 1 0
github.com/benhutchings1/kickplate/api/v1alpha1/zz_generated.deepcopy.go:80.34,82.3 1 0
github.com/benhutchings1/kickplate/api/v1alpha1/zz_generated.deepcopy.go:83.2,83.12 1 0
github.com/benhutchings1/kickplate/api/v1alpha1/zz_generated.deepcopy.go:87.47,93.2 5 0
github.com/benhutchings1/kickplate/api/v1alpha1/zz_generated.deepcopy.go:96.40,97.15 1 0
github.com/benhutchings1/kickplate/api/v1alpha1/zz_generated.deepcopy.go:97.15,99.3 1 0
github.com/benhutchings1/kickplate/api/v1alpha1/zz_generated.deepcopy.go:100.2,102.12 3 0
github.com/benhutchings1/kickplate/api/v1alpha1/zz_generated.deepcopy.go:106.52,107.34 1 0
github.com/benhutchings1/kickplate/api/v1alpha1/zz_generated.deepcopy.go:107.34,109.3 1 0
github.com/benhutchings1/kickplate/api/v1alpha1/zz_generated.deepcopy.go:110.2,110.12 1 0
github.com/benhutchings1/kickplate/api/v1alpha1/zz_generated.deepcopy.go:114.55,118.21 4 0
github.com/benhutchings1/kickplate/api/v1alpha1/zz_generated.deepcopy.go:118.21,121.22 3 0
github.com/benhutchings1/kickplate/api/v1alpha1/zz_generated.deepcopy.go:121.22,123.4 1 0
github.com/benhutchings1/kickplate/api/v1alpha1/zz_generated.deepcopy.go:128.48,129.15 1 0
github.com/benhutchings1/kickplate/api/v1alpha1/zz_generated.deepcopy.go:129.15,131.3 1 0
github.com/benhutchings1/kickplate/api/v1alpha1/zz_generated.deepcopy.go:132.2,134.12 3 0
github.com/benhutchings1/kickplate/api/v1alpha1/zz_generated.deepcopy.go:138.56,139.34 1 0
github.com/benhutchings1/kickplate/api/v1alpha1/zz_generated.deepcopy.go:139.34,141.3 1 0
github.com/benhutchings1/kickplate/api/v1alpha1/zz_generated.deepcopy.go:142.2,142.12 1 0
github.com/benhutchings1/kickplate/api/v1alpha1/zz_generated.deepcopy.go:146.55,148.2 1 0
github.com/benhutchings1/kickplate/api/v1alpha1/zz_generated.deepcopy.go:151.48,152.15 1 0
github.com/benhutchings1/kickplate/api/v1alpha1/zz_generated.deepcopy.go:152.15,154.3 1 0
github.com/benhutchings1/kickplate/api/v1alpha1/zz_generated.deepcopy.go:155.2,157.12 3 0
github.com/benhutchings1/kickplate/api/v1alpha1/zz_generated.deepcopy.go:161.59,163.26 2 0
github.com/benhutchings1/kickplate/api/v1alpha1/zz_generated.deepcopy.go:163.26,166.22 3 0
github.com/benhutchings1/kickplate/api/v1alpha1/zz_generated.deepcopy.go:166.22,168.4 1 0
github.com/benhutchings1/kickplate/api/v1alpha1/zz_generated.deepcopy.go:170.2,170.20 1 0
github.com/benhutchings1/kickplate/api/v1alpha1/zz_generated.deepcopy.go:170.20,173.29 3 0
github.com/benhutchings1/kickplate/api/v1alpha1/zz_generated.deepcopy.go:173.29,175.4 1 0
github.com/benhutchings1/kickplate/api/v1alpha1/zz_generated.deepcopy.go:180.52,181.15 1 0
github.com/benhutchings1/kickplate/api/v1alpha1/zz_generated.deepcopy.go:181.15,183.3 1 0
github.com/benhutchings1/kickplate/api/v1alpha1/zz_generated.deepcopy.go:184.2,186.12 3 0
github.com/benhutchings1/kickplate/api/v1alpha1/zz_generated.deepcopy.go:190.49,192.21 2 0
github.com/benhutchings1/kickplate/api/v1alpha1/zz_generated.deepcopy.go:192.21,195.29 3 0
github.com/benhutchings1/kickplate/api/v1alpha1/zz_generated.deepcopy.go:195.29,197.4 1 0
github.com/benhutchings1/kickplate/api/v1alpha1/zz_generated.deepcopy.go:202.42,203.15 1 0
github.com/benhutchings1/kickplate/api/v1alpha1/zz_generated.deepcopy.go:203.15,205.3 1 0
github.com/benhutchings1/kickplate/api/v1alpha1/zz_generated.deepcopy.go:206.2,208.12 3 0
github.com/benhutchings1/kickplate/api/v1alpha1/zz_generated.deepcopy.go:212.49,214.28 2 0
github.com/benhutchings1/kickplate/api/v1alpha1/zz_generated.deepcopy.go:214.28,218.3 3 0
github.com/benhutchings1/kickplate/api/v1alpha1/zz_generated.deepcopy.go:219.2,219.20 1 0
github.com/benhutchings1/kickplate/api/v1alpha1/zz_generated.deepcopy.go:219.20,222.29 3 0
github.com/benhutchings1/kickplate/api/v1alpha1/zz_generated.deepcopy.go:222.29,224.4 1 0
github.com/benhutchings1/kickplate/api/v1alpha1/zz_generated.deepcopy.go:226.2,226.20 1 0
github.com/benhutchings1/kickplate/api/v1alpha1/zz_generated.deepcopy.go:226.20,230.3 3 0
github.com/benhutchings1/kickplate/api/v1alpha1/zz_generated.deepcopy.go:231.2,231.23 1 0
github.com/benhutchings1/kickplate/api/v1alpha1/zz_generated.deepcopy.go:231.23,235.3 3 0
github.com/benhutchings1/kickplate/api/v1alpha1/zz_generated.deepcopy.go:239.42,240.15 1 0
github.com/benhutchings1/kickplate/api/v1alpha1/zz_generated.deepcopy.go:240.15,242.3 1 0
github.com/benhutchings1/kickplate/api/v1alpha1/zz_generated.deepcopy.go:243.2,245.12 3 0
github.com/benhutchings1/kickplate/internal/controller/edag_config.go:10.35,17.2 1 0
github.com/benhutchings1/kickplate/internal/controller/edagrun_controller.go:50.99,73.16 7 0
github.com/benhutchings1/kickplate/internal/controller/edagrun_controller.go:73.16,75.3 1 0
github.com/benhutchings1/kickplate/internal/controller/edagrun_controller.go:77.2,82.16 3 0
github.com/benhutchings1/kickplate/internal/controller/edagrun_controller.go:82.16,84.3 1 0
github.com/benhutchings1/kickplate/internal/controller/edagrun_controller.go:86.2,86.66 1 0
github.com/benhutchings1/kickplate/internal/controller/edagrun_controller.go:86.66,89.3 2 0
github.com/benhutchings1/kickplate/internal/controller/edagrun_controller.go:91.2,91.28 1 0
github.com/benhutchings1/kickplate/internal/controller/edagrun_controller.go:91.28,93.3 1 0
github.com/benhutchings1/kickplate/internal/controller/edagrun_controller.go:95.2,97.16 1 0
github.com/benhutchings1/kickplate/internal/controller/edagrun_controller.go:97.16,99.3 1 0
github.com/benhutchings1/kickplate/internal/controller/edagrun_controller.go:99.8,99.21 1 0
github.com/benhutchings1/kickplate/internal/controller/edagrun_controller.go:99.21,101.3 1 0
github.com/benhutchings1/kickplate/internal/controller/edagrun_controller.go:103.2,103.27 1 0
github.com/benhutchings1/kickplate/internal/controller/edagrun_controller.go:106.70,111.2 1 0
github.com/benhutchings1/kickplate/api/v1alpha1/edag_types.go:57.13,59.2 1 1
github.com/benhutchings1/kickplate/api/v1alpha1/edagrun_types.go:53.13,55.2 1 1
github.com/benhutchings1/kickplate/api/v1alpha1/zz_generated.deepcopy.go:29.41,34.2 4 0
github.com/benhutchings1/kickplate/api/v1alpha1/zz_generated.deepcopy.go:37.34,38.15 1 0
github.com/benhutchings1/kickplate/api/v1alpha1/zz_generated.deepcopy.go:38.15,40.3 1 0
github.com/benhutchings1/kickplate/api/v1alpha1/zz_generated.deepcopy.go:41.2,43.12 3 0
github.com/benhutchings1/kickplate/api/v1alpha1/zz_generated.deepcopy.go:47.49,48.34 1 0
github.com/benhutchings1/kickplate/api/v1alpha1/zz_generated.deepcopy.go:48.34,50.3 1 0
github.com/benhutchings1/kickplate/api/v1alpha1/zz_generated.deepcopy.go:51.2,51.12 1 0
github.com/benhutchings1/kickplate/api/v1alpha1/zz_generated.deepcopy.go:55.49,59.21 4 0
github.com/benhutchings1/kickplate/api/v1alpha1/zz_generated.deepcopy.go:59.21,62.22 3 0
github.com/benhutchings1/kickplate/api/v1alpha1/zz_generated.deepcopy.go:62.22,64.4 1 0
github.com/benhutchings1/kickplate/api/v1alpha1/zz_generated.deepcopy.go:69.42,70.15 1 0
github.com/benhutchings1/kickplate/api/v1alpha1/zz_generated.deepcopy.go:70.15,72.3 1 0
github.com/benhutchings1/kickplate/api/v1alpha1/zz_generated.deepcopy.go:73.2,75.12 3 0
github.com/benhutchings1/kickplate/api/v1alpha1/zz_generated.deepcopy.go:79.53,80.34 1 0
github.com/benhutchings1/kickplate/api/v1alpha1/zz_generated.deepcopy.go:80.34,82.3 1 0
github.com/benhutchings1/kickplate/api/v1alpha1/zz_generated.deepcopy.go:83.2,83.12 1 0
github.com/benhutchings1/kickplate/api/v1alpha1/zz_generated.deepcopy.go:87.47,93.2 5 0
github.com/benhutchings1/kickplate/api/v1alpha1/zz_generated.deepcopy.go:96.40,97.15 1 0
github.com/benhutchings1/kickplate/api/v1alpha1/zz_generated.deepcopy.go:97.15,99.3 1 0
github.com/benhutchings1/kickplate/api/v1alpha1/zz_generated.deepcopy.go:100.2,102.12 3 0
github.com/benhutchings1/kickplate/api/v1alpha1/zz_generated.deepcopy.go:106.52,107.34 1 0
github.com/benhutchings1/kickplate/api/v1alpha1/zz_generated.deepcopy.go:107.34,109.3 1 0
github.com/benhutchings1/kickplate/api/v1alpha1/zz_generated.deepcopy.go:110.2,110.12 1 0
github.com/benhutchings1/kickplate/api/v1alpha1/zz_generated.deepcopy.go:114.55,118.21 4 0
github.com/benhutchings1/kickplate/api/v1alpha1/zz_generated.deepcopy.go:118.21,121.22 3 0
github.com/benhutchings1/kickplate/api/v1alpha1/zz_generated.deepcopy.go:121.22,123.4 1 0
github.com/benhutchings1/kickplate/api/v1alpha1/zz_generated.deepcopy.go:128.48,129.15 1 0
github.com/benhutchings1/kickplate/api/v1alpha1/zz_generated.deepcopy.go:129.15,131.3 1 0
github.com/benhutchings1/kickplate/api/v1alpha1/zz_generated.deepcopy.go:132.2,134.12 3 0
github.com/benhutchings1/kickplate/api/v1alpha1/zz_generated.deepcopy.go:138.56,139.34 1 0
github.com/benhutchings1/kickplate/api/v1alpha1/zz_generated.deepcopy.go:139.34,141.3 1 0
github.com/benhutchings1/kickplate/api/v1alpha1/zz_generated.deepcopy.go:142.2,142.12 1 0
github.com/benhutchings1/kickplate/api/v1alpha1/zz_generated.deepcopy.go:146.55,148.2 1 0
github.com/benhutchings1/kickplate/api/v1alpha1/zz_generated.deepcopy.go:151.48,152.15 1 0
github.com/benhutchings1/kickplate/api/v1alpha1/zz_generated.deepcopy.go:152.15,154.3 1 0
github.com/benhutchings1/kickplate/api/v1alpha1/zz_generated.deepcopy.go:155.2,157.12 3 0
github.com/benhutchings1/kickplate/api/v1alpha1/zz_generated.deepcopy.go:161.59,163.26 2 0
github.com/benhutchings1/kickplate/api/v1alpha1/zz_generated.deepcopy.go:163.26,166.22 3 0
github.com/benhutchings1/kickplate/api/v1alpha1/zz_generated.deepcopy.go:166.22,168.4 1 0
github.com/benhutchings1/kickplate/api/v1alpha1/zz_generated.deepcopy.go:170.2,170.20 1 0
github.com/benhutchings1/kickplate/api/v1alpha1/zz_generated.deepcopy.go:170.20,173.29 3 0
github.com/benhutchings1/kickplate/api/v1alpha1/zz_generated.deepcopy.go:173.29,175.4 1 0
github.com/benhutchings1/kickplate/api/v1alpha1/zz_generated.deepcopy.go:180.52,181.15 1 0
github.com/benhutchings1/kickplate/api/v1alpha1/zz_generated.deepcopy.go:181.15,183.3 1 0
github.com/benhutchings1/kickplate/api/v1alpha1/zz_generated.deepcopy.go:184.2,186.12 3 0
github.com/benhutchings1/kickplate/api/v1alpha1/zz_generated.deepcopy.go:190.49,192.21 2 0
github.com/benhutchings1/kickplate/api/v1alpha1/zz_generated.deepcopy.go:192.21,195.29 3 0
github.com/benhutchings1/kickplate/api/v1alpha1/zz_generated.deepcopy.go:195.29,197.4 1 0
github.com/benhutchings1/kickplate/api/v1alpha1/zz_generated.deepcopy.go:202.42,203.15 1 0
github.com/benhutchings1/kickplate/api/v1alpha1/zz_generated.deepcopy.go:203.15,205.3 1 0
github.com/benhutchings1/kickplate/api/v1alpha1/zz_generated.deepcopy.go:206.2,208.12 3 0
github.com/benhutchings1/kickplate/api/v1alpha1/zz_generated.deepcopy.go:212.49,214.28 2 0
github.com/benhutchings1/kickplate/api/v1alpha1/zz_generated.deepcopy.go:214.28,218.3 3 0
github.com/benhutchings1/kickplate/api/v1alpha1/zz_generated.deepcopy.go:219.2,219.20 1 0
github.com/benhutchings1/kickplate/api/v1alpha1/zz_generated.deepcopy.go:219.20,222.29 3 0
github.com/benhutchings1/kickplate/api/v1alpha1/zz_generated.deepcopy.go:222.29,224.4 1 0
github.com/benhutchings1/kickplate/api/v1alpha1/zz_generated.deepcopy.go:226.2,226.20 1 0
github.com/benhutchings1/kickplate/api/v1alpha1/zz_generated.deepcopy.go:226.20,230.3 3 0
github.com/benhutchings1/kickplate/api/v1alpha1/zz_generated.deepcopy.go:231.2,231.23 1 0
github.com/benhutchings1/kickplate/api/v1alpha1/zz_generated.deepcopy.go:231.23,235.3 3 0
github.com/benhutchings1/kickplate/api/v1alpha1/zz_generated.deepcopy.go:239.42,240.15 1 0
github.com/benhutchings1/kickplate/api/v1alpha1/zz_generated.deepcopy.go:240.15,242.3 1 0
github.com/benhutchings1/kickplate/api/v1alpha1/zz_generated.deepcopy.go:243.2,245.12 3 0
github.com/benhutchings1/kickplate/internal/clusterclient/clusterclient.go:31.29,33.60 2 1
github.com/benhutchings1/kickplate/internal/clusterclient/clusterclient.go:33.60,34.24 1 1
github.com/benhutchings1/kickplate/internal/clusterclient/clusterclient.go:34.24,36.4 1 1
github.com/benhutchings1/kickplate/internal/clusterclient/clusterclient.go:36.9,38.4 1 1
github.com/benhutchings1/kickplate/internal/clusterclient/clusterclient.go:40.2,40.18 1 1
github.com/benhutchings1/kickplate/internal/clusterclient/clusterclient.go:46.9,48.58 2 1
github.com/benhutchings1/kickplate/internal/clusterclient/clusterclient.go:48.58,51.3 2 1
github.com/benhutchings1/kickplate/internal/clusterclient/clusterclient.go:52.2,52.12 1 1
github.com/benhutchings1/kickplate/internal/clusterclient/clusterclient.go:59.9,68.48 4 1
github.com/benhutchings1/kickplate/internal/clusterclient/clusterclient.go:68.48,71.3 2 1
github.com/benhutchings1/kickplate/internal/clusterclient/clusterclient.go:72.2,72.12 1 1
github.com/benhutchings1/kickplate/internal/clusterclient/clusterclient.go:75.86,77.2 1 0
github.com/benhutchings1/kickplate/internal/clusterclient/clusterclient.go:83.9,90.45 2 1
github.com/benhutchings1/kickplate/internal/clusterclient/clusterclient.go:90.45,101.3 4 1
github.com/benhutchings1/kickplate/internal/clusterclient/clusterclient.go:103.2,103.85 1 1
github.com/benhutchings1/kickplate/internal/clusterclient/clusterclient.go:103.85,108.3 1 0
github.com/benhutchings1/kickplate/internal/clusterclient/clusterclient.go:109.2,109.63 1 1
github.com/benhutchings1/kickplate/internal/clusterclient/clusterclient.go:109.63,111.3 1 0
github.com/benhutchings1/kickplate/internal/clusterclient/clusterclient.go:112.2,112.12 1 1
github.com/benhutchings1/kickplate/api/v1alpha1/edag_types.go:57.13,59.2 1 1
github.com/benhutchings1/kickplate/api/v1alpha1/edagrun_types.go:53.13,55.2 1 1
github.com/benhutchings1/kickplate/api/v1alpha1/zz_generated.deepcopy.go:29.41,34.2 4 0
github.com/benhutchings1/kickplate/api/v1alpha1/zz_generated.deepcopy.go:37.34,38.15 1 0
github.com/benhutchings1/kickplate/api/v1alpha1/zz_generated.deepcopy.go:38.15,40.3 1 0
github.com/benhutchings1/kickplate/api/v1alpha1/zz_generated.deepcopy.go:41.2,43.12 3 0
github.com/benhutchings1/kickplate/api/v1alpha1/zz_generated.deepcopy.go:47.49,48.34 1 0
github.com/benhutchings1/kickplate/api/v1alpha1/zz_generated.deepcopy.go:48.34,50.3 1 0
github.com/benhutchings1/kickplate/api/v1alpha1/zz_generated.deepcopy.go:51.2,51.12 1 0
github.com/benhutchings1/kickplate/api/v1alpha1/zz_generated.deepcopy.go:55.49,59.21 4 0
github.com/benhutchings1/kickplate/api/v1alpha1/zz_generated.deepcopy.go:59.21,62.22 3 0
github.com/benhutchings1/kickplate/api/v1alpha1/zz_generated.deepcopy.go:62.22,64.4 1 0
github.com/benhutchings1/kickplate/api/v1alpha1/zz_generated.deepcopy.go:69.42,70.15 1 0
github.com/benhutchings1/kickplate/api/v1alpha1/zz_generated.deepcopy.go:70.15,72.3 1 0
github.com/benhutchings1/kickplate/api/v1alpha1/zz_generated.deepcopy.go:73.2,75.12 3 0
github.com/benhutchings1/kickplate/api/v1alpha1/zz_generated.deepcopy.go:79.53,80.34 1 0
github.com/benhutchings1/kickplate/api/v1alpha1/zz_generated.deepcopy.go:80.34,82.3 1 0
github.com/benhutchings1/kickplate/api/v1alpha1/zz_generated.deepcopy.go:83.2,83.12 1 0
github.com/benhutchings1/kickplate/api/v1alpha1/zz_generated.deepcopy.go:87.47,93.2 5 1
github.com/benhutchings1/kickplate/api/v1alpha1/zz_generated.deepcopy.go:96.40,97.15 1 1
github.com/benhutchings1/kickplate/api/v1alpha1/zz_generated.deepcopy.go:97.15,99.3 1 0
github.com/benhutchings1/kickplate/api/v1alpha1/zz_generated.deepcopy.go:100.2,102.12 3 1
github.com/benhutchings1/kickplate/api/v1alpha1/zz_generated.deepcopy.go:106.52,107.34 1 0
github.com/benhutchings1/kickplate/api/v1alpha1/zz_generated.deepcopy.go:107.34,109.3 1 0
github.com/benhutchings1/kickplate/api/v1alpha1/zz_generated.deepcopy.go:110.2,110.12 1 0
github.com/benhutchings1/kickplate/api/v1alpha1/zz_generated.deepcopy.go:114.55,118.21 4 0
github.com/benhutchings1/kickplate/api/v1alpha1/zz_generated.deepcopy.go:118.21,121.22 3 0
github.com/benhutchings1/kickplate/api/v1alpha1/zz_generated.deepcopy.go:121.22,123.4 1 0
github.com/benhutchings1/kickplate/api/v1alpha1/zz_generated.deepcopy.go:128.48,129.15 1 0
github.com/benhutchings1/kickplate/api/v1alpha1/zz_generated.deepcopy.go:129.15,131.3 1 0
github.com/benhutchings1/kickplate/api/v1alpha1/zz_generated.deepcopy.go:132.2,134.12 3 0
github.com/benhutchings1/kickplate/api/v1alpha1/zz_generated.deepcopy.go:138.56,139.34 1 0
github.com/benhutchings1/kickplate/api/v1alpha1/zz_generated.deepcopy.go:139.34,141.3 1 0
github.com/benhutchings1/kickplate/api/v1alpha1/zz_generated.deepcopy.go:142.2,142.12 1 0
github.com/benhutchings1/kickplate/api/v1alpha1/zz_generated.deepcopy.go:146.55,148.2 1 0
github.com/benhutchings1/kickplate/api/v1alpha1/zz_generated.deepcopy.go:151.48,152.15 1 0
github.com/benhutchings1/kickplate/api/v1alpha1/zz_generated.deepcopy.go:152.15,154.3 1 0
github.com/benhutchings1/kickplate/api/v1alpha1/zz_generated.deepcopy.go:155.2,157.12 3 0
github.com/benhutchings1/kickplate/api/v1alpha1/zz_generated.deepcopy.go:161.59,163.26 2 1
github.com/benhutchings1/kickplate/api/v1alpha1/zz_generated.deepcopy.go:163.26,166.22 3 1
github.com/benhutchings1/kickplate/api/v1alpha1/zz_generated.deepcopy.go:166.22,168.4 1 1
github.com/benhutchings1/kickplate/api/v1alpha1/zz_generated.deepcopy.go:170.2,170.20 1 1
github.com/benhutchings1/kickplate/api/v1alpha1/zz_generated.deepcopy.go:170.20,173.29 3 0
github.com/benhutchings1/kickplate/api/v1alpha1/zz_generated.deepcopy.go:173.29,175.4 1 0
github.com/benhutchings1/kickplate/api/v1alpha1/zz_generated.deepcopy.go:180.52,181.15 1 0
github.com/benhutchings1/kickplate/api/v1alpha1/zz_generated.deepcopy.go:181.15,183.3 1 0
github.com/benhutchings1/kickplate/api/v1alpha1/zz_generated.deepcopy.go:184.2,186.12 3 0
github.com/benhutchings1/kickplate/api/v1alpha1/zz_generated.deepcopy.go:190.49,192.21 2 0
github.com/benhutchings1/kickplate/api/v1alpha1/zz_generated.deepcopy.go:192.21,195.29 3 0
github.com/benhutchings1/kickplate/api/v1alpha1/zz_generated.deepcopy.go:195.29,197.4 1 0
github.com/benhutchings1/kickplate/api/v1alpha1/zz_generated.deepcopy.go:202.42,203.15 1 0
github.com/benhutchings1/kickplate/api/v1alpha1/zz_generated.deepcopy.go:203.15,205.3 1 0
github.com/benhutchings1/kickplate/api/v1alpha1/zz_generated.deepcopy.go:206.2,208.12 3 0
github.com/benhutchings1/kickplate/api/v1alpha1/zz_generated.deepcopy.go:212.49,214.28 2 0
github.com/benhutchings1/kickplate/api/v1alpha1/zz_generated.deepcopy.go:214.28,218.3 3 0
github.com/benhutchings1/kickplate/api/v1alpha1/zz_generated.deepcopy.go:219.2,219.20 1 0
github.com/benhutchings1/kickplate/api/v1alpha1/zz_generated.deepcopy.go:219.20,222.29 3 0
github.com/benhutchings1/kickplate/api/v1alpha1/zz_generated.deepcopy.go:222.29,224.4 1 0
github.com/benhutchings1/kickplate/api/v1alpha1/zz_generated.deepcopy.go:226.2,226.20 1 0
github.com/benhutchings1/kickplate/api/v1alpha1/zz_generated.deepcopy.go:226.20,230.3 3 0
github.com/benhutchings1/kickplate/api/v1alpha1/zz_generated.deepcopy.go:231.2,231.23 1 0
github.com/benhutchings1/kickplate/api/v1alpha1/zz_generated.deepcopy.go:231.23,235.3 3 0
github.com/benhutchings1/kickplate/api/v1alpha1/zz_generated.deepcopy.go:239.42,240.15 1 0
github.com/benhutchings1/kickplate/api/v1alpha1/zz_generated.deepcopy.go:240.15,242.3 1 0
github.com/benhutchings1/kickplate/api/v1alpha1/zz_generated.deepcopy.go:243.2,245.12 3 0
github.com/benhutchings1/kickplate/internal/service/service.go:31.9,36.41 4 1
github.com/benhutchings1/kickplate/internal/service/service.go:36.41,40.3 1 1
github.com/benhutchings1/kickplate/internal/service/service.go:42.2,62.58 6 1
github.com/benhutchings1/kickplate/internal/service/service.go:62.58,68.3 2 1
github.com/benhutchings1/kickplate/internal/service/service.go:70.2,70.28 1 1
github.com/benhutchings1/kickplate/internal/service/service.go:70.28,72.3 1 1
github.com/benhutchings1/kickplate/internal/service/service.go:74.2,80.72 3 1
github.com/benhutchings1/kickplate/internal/service/service.go:80.72,82.3 1 0
github.com/benhutchings1/kickplate/internal/service/service.go:84.2,86.16 1 1
github.com/benhutchings1/kickplate/internal/service/service.go:86.16,88.3 1 0
github.com/benhutchings1/kickplate/internal/service/service.go:90.2,90.12 1 1
github.com/benhutchings1/kickplate/internal/service/service.go:100.30,104.16 3 1
github.com/benhutchings1/kickplate/internal/service/service.go:104.16,106.3 1 1
github.com/benhutchings1/kickplate/internal/service/service.go:110.2,110.69 1 1
github.com/benhutchings1/kickplate/internal/service/service.go:110.69,112.3 1 1
github.com/benhutchings1/kickplate/internal/service/service.go:112.8,112.21 1 1
github.com/benhutchings1/kickplate/internal/service/service.go:112.21,114.3 1 1
github.com/benhutchings1/kickplate/internal/service/service.go:116.2,116.34 1 1
github.com/benhutchings1/kickplate/internal/service/service.go:116.34,117.17 1 1
github.com/benhutchings1/kickplate/internal/service/service.go:117.17,118.59 1 1
github.com/benhutchings1/kickplate/internal/service/service.go:118.59,122.19 2 1
github.com/benhutchings1/kickplate/internal/service/service.go:122.19,124.6 1 1
github.com/benhutchings1/kickplate/internal/service/service.go:128.2,128.19 1 1
github.com/benhutchings1/kickplate/internal/service/service.go:133.32,136.29 3 1
github.com/benhutchings1/kickplate/internal/service/service.go:136.29,138.37 2 1
github.com/benhutchings1/kickplate/internal/service/service.go:138.37,141.4 2 1
github.com/benhutchings1/kickplate/internal/service/service.go:141.9,141.47 1 1
github.com/benhutchings1/kickplate/internal/service/service.go:141.47,143.4 1 1
github.com/benhutchings1/kickplate/internal/service/service.go:145.2,145.25 1 1
github.com/benhutchings1/kickplate/internal/service/service.go:153.36,156.40 2 1
github.com/benhutchings1/kickplate/internal/service/service.go:156.40,159.13 2 1
github.com/benhutchings1/kickplate/internal/service/service.go:159.13,163.18 2 1
github.com/benhutchings1/kickplate/internal/service/service.go:163.18,166.5 2 1
github.com/benhutchings1/kickplate/internal/service/service.go:166.10,166.21 1 1
github.com/benhutchings1/kickplate/internal/service/service.go:166.21,168.5 1 0
github.com/benhutchings1/kickplate/internal/service/service.go:169.4,169.25 1 1
github.com/benhutchings1/kickplate/internal/service/service.go:170.9,172.4 1 1
github.com/benhutchings1/kickplate/internal/service/service.go:174.2,174.18 1 1
github.com/benhutchings1/kickplate/internal/service/service.go:181.9,183.33 2 1
github.com/benhutchings1/kickplate/internal/service/service.go:183.33,184.44 1 1
github.com/benhutchings1/kickplate/internal/service/service.go:184.44,185.53 1 1
github.com/benhutchings1/kickplate/internal/service/service.go:185.53,190.5 2 1
github.com/benhutchings1/kickplate/internal/service/service.go:193.2,196.16 2 1
github.com/benhutchings1/kickplate/internal/service/service.go:196.16,206.3 2 1
github.com/benhutchings1/kickplate/internal/service/service.go:207.2,207.12 1 1
github.com/benhutchings1/kickplate/internal/service/service.go:210.75,213.47 2 1
github.com/benhutchings1/kickplate/internal/service/service.go:213.47,215.3 1 0
github.com/benhutchings1/kickplate/internal/service/service.go:217.2,220.14 3 1
github.com/benhutchings1/kickplate/internal/service/service.go:220.14,222.3 1 1
github.com/benhutchings1/kickplate/internal/service/service.go:223.2,223.17 1 1
github.com/benhutchings1/kickplate/internal/service/service.go:229.41,231.97 2 1
github.com/benhutchings1/kickplate/internal/service/service.go:231.97,237.3 2 0
github.com/benhutchings1/kickplate/internal/service/service.go:238.2,238.25 1 1
github.com/benhutchings1/kickplate/internal/service/service.go:244.47,247.10 2 1
github.com/benhutchings1/kickplate/internal/service/service.go:247.10,253.3 2 0
github.com/benhutchings1/kickplate/internal/service/service.go:254.2,254.28 1 1
github.com/benhutchings1/kickplate/internal/service/service.go:261.8,263.69 2 1
github.com/benhutchings1/kickplate/internal/service/service.go:263.69,265.3 1 0
github.com/benhutchings1/kickplate/internal/service/service.go:267.2,267.58 1 1
github.com/benhutchings1/kickplate/internal/service/service.go:267.58,269.58 2 1
github.com/benhutchings1/kickplate/internal/service/service.go:269.58,271.4 1 1
github.com/benhutchings1/kickplate/internal/service/service.go:274.2,274.13 1 1
github.com/benhutchings1/kickplate/internal/service/service.go:277.50,280.47 2 1
github.com/benhutchings1/kickplate/internal/service/service.go:280.47,282.3 1 1
github.com/benhutchings1/kickplate/internal/service/service.go:284.2,286.93 2 1
github.com/benhutchings1/kickplate/internal/service/service.go:286.93,288.3 1 1
github.com/benhutchings1/kickplate/internal/service/service.go:289.2,289.14 1 0
github.com/benhutchings1/kickplate/internal/service/service.go:292.43,294.2 1 1
github.com/benhutchings1/kickplate/api/v1alpha1/edag_types.go:57.13,59.2 1 1
github.com/benhutchings1/kickplate/api/v1alpha1/edagrun_types.go:53.13,55.2 1 1
github.com/benhutchings1/kickplate/api/v1alpha1/zz_generated.deepcopy.go:29.41,34.2 4 0
github.com/benhutchings1/kickplate/api/v1alpha1/zz_generated.deepcopy.go:37.34,38.15 1 0
github.com/benhutchings1/kickplate/api/v1alpha1/zz_generated.deepcopy.go:38.15,40.3 1 0
github.com/benhutchings1/kickplate/api/v1alpha1/zz_generated.deepcopy.go:41.2,43.12 3 0
github.com/benhutchings1/kickplate/api/v1alpha1/zz_generated.deepcopy.go:47.49,48.34 1 0
github.com/benhutchings1/kickplate/api/v1alpha1/zz_generated.deepcopy.go:48.34,50.3 1 0
github.com/benhutchings1/kickplate/api/v1alpha1/zz_generated.deepcopy.go:51.2,51.12 1 0
github.com/benhutchings1/kickplate/api/v1alpha1/zz_generated.deepcopy.go:55.49,59.21 4 0
github.com/benhutchings1/kickplate/api/v1alpha1/zz_generated.deepcopy.go:59.21,62.22 3 0
github.com/benhutchings1/kickplate/api/v1alpha1/zz_generated.deepcopy.go:62.22,64.4 1 0
github.com/benhutchings1/kickplate/api/v1alpha1/zz_generated.deepcopy.go:69.42,70.15 1 0
github.com/benhutchings1/kickplate/api/v1alpha1/zz_generated.deepcopy.go:70.15,72.3 1 0
github.com/benhutchings1/kickplate/api/v1alpha1/zz_generated.deepcopy.go:73.2,75.12 3 0
github.com/benhutchings1/kickplate/api/v1alpha1/zz_generated.deepcopy.go:79.53,80.34 1 0
github.com/benhutchings1/kickplate/api/v1alpha1/zz_generated.deepcopy.go:80.34,82.3 1 0
github.com/benhutchings1/kickplate/api/v1alpha1/zz_generated.deepcopy.go:83.2,83.12 1 0
github.com/benhutchings1/kickplate/api/v1alpha1/zz_generated.deepcopy.go:87.47,93.2 5 0
github.com/benhutchings1/kickplate/api/v1alpha1/zz_generated.deepcopy.go:96.40,97.15 1 0
github.com/benhutchings1/kickplate/api/v1alpha1/zz_generated.deepcopy.go:97.15,99.3 1 0
github.com/benhutchings1/kickplate/api/v1alpha1/zz_generated.deepcopy.go:100.2,102.12 3 0
github.com/benhutchings1/kickplate/api/v1alpha1/zz_generated.deepcopy.go:106.52,107.34 1 0
github.com/benhutchings1/kickplate/api/v1alpha1/zz_generated.deepcopy.go:107.34,109.3 1 0
github.com/benhutchings1/kickplate/api/v1alpha1/zz_generated.deepcopy.go:110.2,110.12 1 0
github.com/benhutchings1/kickplate/api/v1alpha1/zz_generated.deepcopy.go:114.55,118.21 4 0
github.com/benhutchings1/kickplate/api/v1alpha1/zz_generated.deepcopy.go:118.21,121.22 3 0
github.com/benhutchings1/kickplate/api/v1alpha1/zz_generated.deepcopy.go:121.22,123.4 1 0
github.com/benhutchings1/kickplate/api/v1alpha1/zz_generated.deepcopy.go:128.48,129.15 1 0
github.com/benhutchings1/kickplate/api/v1alpha1/zz_generated.deepcopy.go:129.15,131.3 1 0
github.com/benhutchings1/kickplate/api/v1alpha1/zz_generated.deepcopy.go:132.2,134.12 3 0
github.com/benhutchings1/kickplate/api/v1alpha1/zz_generated.deepcopy.go:138.56,139.34 1 0
github.com/benhutchings1/kickplate/api/v1alpha1/zz_generated.deepcopy.go:139.34,141.3 1 0
github.com/benhutchings1/kickplate/api/v1alpha1/zz_generated.deepcopy.go:142.2,142.12 1 0
github.com/benhutchings1/kickplate/api/v1alpha1/zz_generated.deepcopy.go:146.55,148.2 1 0
github.com/benhutchings1/kickplate/api/v1alpha1/zz_generated.deepcopy.go:151.48,152.15 1 0
github.com/benhutchings1/kickplate/api/v1alpha1/zz_generated.deepcopy.go:152.15,154.3 1 0
github.com/benhutchings1/kickplate/api/v1alpha1/zz_generated.deepcopy.go:155.2,157.12 3 0
github.com/benhutchings1/kickplate/api/v1alpha1/zz_generated.deepcopy.go:161.59,163.26 2 0
github.com/benhutchings1/kickplate/api/v1alpha1/zz_generated.deepcopy.go:163.26,166.22 3 0
github.com/benhutchings1/kickplate/api/v1alpha1/zz_generated.deepcopy.go:166.22,168.4 1 0
github.com/benhutchings1/kickplate/api/v1alpha1/zz_generated.deepcopy.go:170.2,170.20 1 0
github.com/benhutchings1/kickplate/api/v1alpha1/zz_generated.deepcopy.go:170.20,173.29 3 0
github.com/benhutchings1/kickplate/api/v1alpha1/zz_generated.deepcopy.go:173.29,175.4 1 0
github.com/benhutchings1/kickplate/api/v1alpha1/zz_generated.deepcopy.go:180.52,181.15 1 0
github.com/benhutchings1/kickplate/api/v1alpha1/zz_generated.deepcopy.go:181.15,183.3 1 0
github.com/benhutchings1/kickplate/api/v1alpha1/zz_generated.deepcopy.go:184.2,186.12 3 0
github.com/benhutchings1/kickplate/api/v1alpha1/zz_generated.deepcopy.go:190.49,192.21 2 0
github.com/benhutchings1/kickplate/api/v1alpha1/zz_generated.deepcopy.go:192.21,195.29 3 0
github.com/benhutchings1/kickplate/api/v1alpha1/zz_generated.deepcopy.go:195.29,197.4 1 0
github.com/benhutchings1/kickplate/api/v1alpha1/zz_generated.deepcopy.go:202.42,203.15 1 0
github.com/benhutchings1/kickplate/api/v1alpha1/zz_generated.deepcopy.go:203.15,205.3 1 0
github.com/benhutchings1/kickplate/api/v1alpha1/zz_generated.deepcopy.go:206.2,208.12 3 0
github.com/benhutchings1/kickplate/api/v1alpha1/zz_generated.deepcopy.go:212.49,214.28 2 0
github.com/benhutchings1/kickplate/api/v1alpha1/zz_generated.deepcopy.go:214.28,218.3 3 0
github.com/benhutchings1/kickplate/api/v1alpha1/zz_generated.deepcopy.go:219.2,219.20 1 0
github.com/benhutchings1/kickplate/api/v1alpha1/zz_generated.deepcopy.go:219.20,222.29 3 0
github.com/benhutchings1/kickplate/api/v1alpha1/zz_generated.deepcopy.go:222.29,224.4 1 0
github.com/benhutchings1/kickplate/api/v1alpha1/zz_generated.deepcopy.go:226.2,226.20 1 0
github.com/benhutchings1/kickplate/api/v1alpha1/zz_generated.deepcopy.go:226.20,230.3 3 0
github.com/benhutchings1/kickplate/api/v1alpha1/zz_generated.deepcopy.go:231.2,231.23 1 0
github.com/benhutchings1/kickplate/api/v1alpha1/zz_generated.deepcopy.go:231.23,235.3 3 0
github.com/benhutchings1/kickplate/api/v1alpha1/zz_generated.deepcopy.go:239.42,240.15 1 0
github.com/benhutchings1/kickplate/api/v1alpha1/zz_generated.deepcopy.go:240.15,242.3 1 0
github.com/benhutchings1/kickplate/api/v1alpha1/zz_generated.deepcopy.go:243.2,245.12 3 0
